{
  message: {
    method: 'GET',
    url: '/?vscodeBrowserReqId=1712942342053',
    body: {}
  },
  level: 'info',
  timestamp: '2024-04-12T17:19:02.092Z'
}
{
  message: {
    method: 'GET',
    url: '/main.da0ca9019bc83887868a.hot-update.json',
    body: {}
  },
  level: 'info',
  timestamp: '2024-04-12T17:19:14.279Z'
}
{
  message: { method: 'GET', url: '/api/newsposts?page=0&size=12', body: {} },
  level: 'info',
  timestamp: '2024-04-12T17:19:15.611Z'
}
{
  message: {
    method: 'GET',
    url: '/main.da0ca9019bc83887868a.hot-update.json',
    body: {}
  },
  level: 'info',
  timestamp: '2024-04-12T17:19:15.656Z'
}
{
  message: { method: 'GET', url: '/api/newsposts?page=0&size=12', body: {} },
  level: 'info',
  timestamp: '2024-04-12T17:19:15.967Z'
}
{
  message: { method: 'GET', url: '/api/newsposts?page=0&size=12', body: {} },
  level: 'info',
  timestamp: '2024-04-12T17:19:16.111Z'
}
{
  message: { method: 'GET', url: '/api/newsposts?page=0&size=12', body: {} },
  level: 'info',
  timestamp: '2024-04-12T17:19:16.258Z'
}
{
  message: { method: 'GET', url: '/api/newsposts?page=0&size=12', body: {} },
  level: 'info',
  timestamp: '2024-04-12T17:19:16.620Z'
}
{
  message: { method: 'GET', url: '/api/newsposts?page=0&size=12', body: {} },
  level: 'info',
  timestamp: '2024-04-12T17:19:16.748Z'
}
{
  message: { method: 'GET', url: '/api/newsposts?page=0&size=12', body: {} },
  level: 'info',
  timestamp: '2024-04-12T17:19:21.860Z'
}
{
  message: { method: 'GET', url: '/api/newsposts?page=0&size=12', body: {} },
  level: 'info',
  timestamp: '2024-04-12T17:19:21.981Z'
}
{
  message: {
    method: 'GET',
    url: '/?vscodeBrowserReqId=1712942369430',
    body: {}
  },
  level: 'info',
  timestamp: '2024-04-12T17:19:29.436Z'
}
{
  message: { method: 'GET', url: '/static/js/main.5e0c76e5.js', body: {} },
  level: 'info',
  timestamp: '2024-04-12T17:19:29.455Z'
}
{
  message: { method: 'GET', url: '/api/newsposts?page=0&size=12', body: {} },
  level: 'info',
  timestamp: '2024-04-12T17:19:29.607Z'
}
{
  message: { method: 'GET', url: '/api/newsposts?page=0&size=12', body: {} },
  level: 'info',
  timestamp: '2024-04-12T17:20:01.924Z'
}
{
  message: { method: 'GET', url: '/api/newsposts?page=0&size=12', body: {} },
  level: 'info',
  timestamp: '2024-04-12T17:20:02.227Z'
}
{
  message: { method: 'GET', url: '/api/newsposts/api', body: {} },
  level: 'info',
  timestamp: '2024-04-12T17:20:14.179Z'
}
{
  message: { method: 'GET', url: '/api/newsposts/api', body: {} },
  level: 'info',
  timestamp: '2024-04-12T17:20:14.471Z'
}
{
  message: { method: 'GET', url: '/api/newsposts?page=0&size=12', body: {} },
  level: 'info',
  timestamp: '2024-04-12T17:21:19.354Z'
}
{
  message: { method: 'GET', url: '/api/newsposts?page=0&size=12', body: {} },
  level: 'info',
  timestamp: '2024-04-12T17:21:19.649Z'
}
{
  message: { method: 'GET', url: '/api/newsposts/api', body: {} },
  level: 'info',
  timestamp: '2024-04-12T17:21:25.296Z'
}
{
  message: { method: 'GET', url: '/api/newsposts/api', body: {} },
  level: 'info',
  timestamp: '2024-04-12T17:21:25.360Z'
}
{
  message: { method: 'GET', url: '/api/newsposts?page=0&size=12', body: {} },
  level: 'info',
  timestamp: '2024-04-12T17:22:07.494Z'
}
{
  message: { method: 'GET', url: '/api/newsposts?page=0&size=12', body: {} },
  level: 'info',
  timestamp: '2024-04-12T17:22:07.781Z'
}
{
  message: { method: 'GET', url: '/api/newsposts?page=0&size=12', body: {} },
  level: 'info',
  timestamp: '2024-04-12T17:22:22.261Z'
}
{
  message: { method: 'GET', url: '/api/newsposts?page=0&size=12', body: {} },
  level: 'info',
  timestamp: '2024-04-12T17:22:22.553Z'
}
{
  message: { method: 'GET', url: '/api/newsposts?page=0&size=12', body: {} },
  level: 'info',
  timestamp: '2024-04-12T17:22:39.805Z'
}
{
  message: { method: 'GET', url: '/api/newsposts?page=0&size=12', body: {} },
  level: 'info',
  timestamp: '2024-04-12T17:22:39.831Z'
}
{
  message: { method: 'GET', url: '/api/newsposts/api', body: {} },
  level: 'info',
  timestamp: '2024-04-12T17:22:40.019Z'
}
{
  message: { method: 'GET', url: '/api/newsposts?page=0&size=12', body: {} },
  level: 'info',
  timestamp: '2024-04-12T17:22:40.211Z'
}
{
  message: { method: 'GET', url: '/api/newsposts?page=0&size=12', body: {} },
  level: 'info',
  timestamp: '2024-04-12T17:22:45.968Z'
}
{
  message: { method: 'GET', url: '/api/newsposts?page=0&size=12', body: {} },
  level: 'info',
  timestamp: '2024-04-12T17:22:46.083Z'
}
{
  message: {
    method: 'GET',
    url: '/?vscodeBrowserReqId=1712942651140',
    body: {}
  },
  level: 'info',
  timestamp: '2024-04-12T17:24:11.157Z'
}
{
  message: { method: 'GET', url: '/static/js/main.76debfa5.js', body: {} },
  level: 'info',
  timestamp: '2024-04-12T17:24:11.215Z'
}
{
  message: {
    method: 'GET',
    url: '/?vscodeBrowserReqId=1712942656184',
    body: {}
  },
  level: 'info',
  timestamp: '2024-04-12T17:24:16.189Z'
}
{
  message: { method: 'GET', url: '/static/js/main.76debfa5.js', body: {} },
  level: 'info',
  timestamp: '2024-04-12T17:24:16.211Z'
}
{
  message: {
    method: 'GET',
    url: '/?vscodeBrowserReqId=1712942656917',
    body: {}
  },
  level: 'info',
  timestamp: '2024-04-12T17:24:16.922Z'
}
{
  message: { method: 'GET', url: '/static/js/main.76debfa5.js', body: {} },
  level: 'info',
  timestamp: '2024-04-12T17:24:16.944Z'
}
{
  message: {
    method: 'GET',
    url: '/?vscodeBrowserReqId=1712942657438',
    body: {}
  },
  level: 'info',
  timestamp: '2024-04-12T17:24:17.443Z'
}
{
  message: { method: 'GET', url: '/static/js/main.76debfa5.js', body: {} },
  level: 'info',
  timestamp: '2024-04-12T17:24:17.458Z'
}
{
  message: {
    method: 'GET',
    url: '/?vscodeBrowserReqId=1712942657628',
    body: {}
  },
  level: 'info',
  timestamp: '2024-04-12T17:24:17.632Z'
}
{
  message: { method: 'GET', url: '/static/js/main.76debfa5.js', body: {} },
  level: 'info',
  timestamp: '2024-04-12T17:24:17.648Z'
}
{
  message: {
    method: 'GET',
    url: '/?vscodeBrowserReqId=1712942657813',
    body: {}
  },
  level: 'info',
  timestamp: '2024-04-12T17:24:17.817Z'
}
{
  message: { method: 'GET', url: '/static/js/main.76debfa5.js', body: {} },
  level: 'info',
  timestamp: '2024-04-12T17:24:17.835Z'
}
{
  message: {
    method: 'GET',
    url: '/?vscodeBrowserReqId=1712942657982',
    body: {}
  },
  level: 'info',
  timestamp: '2024-04-12T17:24:17.987Z'
}
{
  message: { method: 'GET', url: '/static/js/main.76debfa5.js', body: {} },
  level: 'info',
  timestamp: '2024-04-12T17:24:18.019Z'
}
{
  message: {
    method: 'GET',
    url: '/?vscodeBrowserReqId=1712942658133',
    body: {}
  },
  level: 'info',
  timestamp: '2024-04-12T17:24:18.141Z'
}
{
  message: { method: 'GET', url: '/static/js/main.76debfa5.js', body: {} },
  level: 'info',
  timestamp: '2024-04-12T17:24:18.168Z'
}
{
  message: {
    method: 'GET',
    url: '/?vscodeBrowserReqId=1712942658298',
    body: {}
  },
  level: 'info',
  timestamp: '2024-04-12T17:24:18.304Z'
}
{
  message: { method: 'GET', url: '/static/js/main.76debfa5.js', body: {} },
  level: 'info',
  timestamp: '2024-04-12T17:24:18.325Z'
}
{
  message: {
    method: 'GET',
    url: '/?vscodeBrowserReqId=1712942686861',
    body: {}
  },
  level: 'info',
  timestamp: '2024-04-12T17:24:46.865Z'
}
{
  message: { method: 'GET', url: '/static/js/main.76debfa5.js', body: {} },
  level: 'info',
  timestamp: '2024-04-12T17:24:46.875Z'
}
{
  message: { method: 'GET', url: '/api/newsposts?page=0&size=12', body: {} },
  level: 'info',
  timestamp: '2024-04-12T17:26:22.471Z'
}
{
  message: { method: 'GET', url: '/api/newsposts?page=0&size=12', body: {} },
  level: 'info',
  timestamp: '2024-04-12T17:26:22.812Z'
}
{
  message: { method: 'GET', url: '/api/newsposts?page=0&size=12', body: {} },
  level: 'info',
  timestamp: '2024-04-12T17:26:23.729Z'
}
{
  message: { method: 'GET', url: '/api/newsposts?page=0&size=12', body: {} },
  level: 'info',
  timestamp: '2024-04-12T17:26:23.854Z'
}
{
  message: {
    method: 'GET',
    url: '/?vscodeBrowserReqId=1712942790744',
    body: {}
  },
  level: 'info',
  timestamp: '2024-04-12T17:26:30.748Z'
}
{
  message: { method: 'GET', url: '/static/js/main.11868149.js', body: {} },
  level: 'info',
  timestamp: '2024-04-12T17:26:30.767Z'
}
{
  message: { method: 'GET', url: '/api/newsposts?page=0&size=12', body: {} },
  level: 'info',
  timestamp: '2024-04-12T17:26:30.892Z'
}
{
  message: { method: 'GET', url: '/api/newsposts?page=0&size=12', body: {} },
  level: 'info',
  timestamp: '2024-04-12T17:26:34.408Z'
}
{
  message: { method: 'GET', url: '/api/newsposts?page=0&size=12', body: {} },
  level: 'info',
  timestamp: '2024-04-12T17:26:34.524Z'
}
{
  message: { method: 'GET', url: '/api/newsposts?page=0&size=12', body: {} },
  level: 'info',
  timestamp: '2024-04-12T17:27:21.983Z'
}
{
  message: { method: 'GET', url: '/api/newsposts?page=0&size=12', body: {} },
  level: 'info',
  timestamp: '2024-04-12T17:27:25.323Z'
}
{
  message: { method: 'GET', url: '/api/newsposts?page=0&size=12', body: {} },
  level: 'info',
  timestamp: '2024-04-12T17:27:25.436Z'
}
