{
  message: { method: 'GET', url: '/api/newsposts?page=0&size=12', body: {} },
  level: 'info',
  timestamp: '2024-04-05T08:04:26.745Z'
}
{
  message: { method: 'GET', url: '/api/newsposts?page=0&size=12', body: {} },
  level: 'info',
  timestamp: '2024-04-05T08:04:27.017Z'
}
{
  message: { method: 'GET', url: '/api/newsposts?page=0&size=12', body: {} },
  level: 'info',
  timestamp: '2024-04-05T08:06:15.609Z'
}
{
  message: { method: 'GET', url: '/api/newsposts?page=0&size=12', body: {} },
  level: 'info',
  timestamp: '2024-04-05T08:06:15.857Z'
}
{
  message: { method: 'GET', url: '/api/newsposts?page=0&size=12', body: {} },
  level: 'info',
  timestamp: '2024-04-05T08:09:54.563Z'
}
{
  message: { method: 'GET', url: '/api/newsposts?page=0&size=12', body: {} },
  level: 'info',
  timestamp: '2024-04-05T08:09:54.790Z'
}
{
  message: { method: 'GET', url: '/api/newsposts?page=0&size=12', body: {} },
  level: 'info',
  timestamp: '2024-04-05T08:11:16.295Z'
}
{
  message: { method: 'GET', url: '/api/newsposts?page=0&size=12', body: {} },
  level: 'info',
  timestamp: '2024-04-05T08:11:16.408Z'
}
{
  message: { method: 'GET', url: '/api/newsposts?page=0&size=12', body: {} },
  level: 'info',
  timestamp: '2024-04-05T08:11:52.497Z'
}
{
  message: { method: 'GET', url: '/api/newsposts?page=0&size=12', body: {} },
  level: 'info',
  timestamp: '2024-04-05T08:11:52.607Z'
}
{
  message: { method: 'GET', url: '/api/newsposts?page=0&size=12', body: {} },
  level: 'info',
  timestamp: '2024-04-05T08:13:34.298Z'
}
{
  message: { method: 'GET', url: '/api/newsposts?page=0&size=12', body: {} },
  level: 'info',
  timestamp: '2024-04-05T08:13:34.582Z'
}
{
  message: { method: 'GET', url: '/', body: {} },
  level: 'info',
  timestamp: '2024-04-05T08:24:35.035Z'
}
{
  message: { method: 'GET', url: '/static/js/main.66e835a3.js', body: {} },
  level: 'info',
  timestamp: '2024-04-05T08:24:35.231Z'
}
{
  message: { method: 'GET', url: '/api/newsposts?page=0&size=12', body: {} },
  level: 'info',
  timestamp: '2024-04-05T08:24:35.443Z'
}
{
  message: { method: 'GET', url: '/manifest.json', body: {} },
  level: 'info',
  timestamp: '2024-04-05T08:24:35.600Z'
}
{
  message: { method: 'GET', url: '/favicon.ico', body: {} },
  level: 'info',
  timestamp: '2024-04-05T08:24:35.602Z'
}
{
  message: { method: 'GET', url: '/logo192.png', body: {} },
  level: 'info',
  timestamp: '2024-04-05T08:24:35.633Z'
}
