{
  message: { method: 'GET', url: '/', body: {} },
  level: 'info',
  timestamp: '2024-04-10T04:59:40.273Z'
}
{
  message: { method: 'GET', url: '/', body: {} },
  level: 'info',
  timestamp: '2024-04-10T05:00:27.303Z'
}
{
  message: { method: 'GET', url: '/favicon.ico', body: {} },
  level: 'info',
  timestamp: '2024-04-10T05:00:27.519Z'
}
{
  message: { method: 'GET', url: '/', body: {} },
  level: 'info',
  timestamp: '2024-04-10T05:00:52.591Z'
}
{
  message: { method: 'GET', url: '/', body: {} },
  level: 'info',
  timestamp: '2024-04-10T05:00:54.839Z'
}
{
  message: { method: 'GET', url: '/', body: {} },
  level: 'info',
  timestamp: '2024-04-10T05:01:14.193Z'
}
{
  message: { method: 'GET', url: '/', body: {} },
  level: 'info',
  timestamp: '2024-04-10T05:01:48.196Z'
}
{
  message: { method: 'GET', url: '/', body: {} },
  level: 'info',
  timestamp: '2024-04-10T14:07:24.606Z'
}
{
  message: "Cannot read properties of undefined (reading 'publicPath')",
  stack: "TypeError: Cannot read properties of undefined (reading 'publicPath')\n" +
    '    at MainController.getStartPage (D:\\Web\\Test task\\hw15\\server\\build\\controllers\\main.controller.js:13:47)\n' +
    '    at Layer.handle [as handle_request] (D:\\Web\\Test task\\hw15\\server\\node_modules\\express\\lib\\router\\layer.js:95:5)\n' +
    '    at next (D:\\Web\\Test task\\hw15\\server\\node_modules\\express\\lib\\router\\route.js:149:13)\n' +
    '    at Route.dispatch (D:\\Web\\Test task\\hw15\\server\\node_modules\\express\\lib\\router\\route.js:119:3)\n' +
    '    at Layer.handle [as handle_request] (D:\\Web\\Test task\\hw15\\server\\node_modules\\express\\lib\\router\\layer.js:95:5)\n' +
    '    at D:\\Web\\Test task\\hw15\\server\\node_modules\\express\\lib\\router\\index.js:284:15\n' +
    '    at Function.process_params (D:\\Web\\Test task\\hw15\\server\\node_modules\\express\\lib\\router\\index.js:346:12)\n' +
    '    at next (D:\\Web\\Test task\\hw15\\server\\node_modules\\express\\lib\\router\\index.js:280:10)\n' +
    '    at SendStream.error (D:\\Web\\Test task\\hw15\\server\\node_modules\\serve-static\\index.js:121:7)\n' +
    '    at SendStream.emit (node:events:518:28)',
  level: 'error',
  timestamp: '2024-04-10T14:07:24.614Z'
}
{
  message: { method: 'GET', url: '/', body: {} },
  level: 'info',
  timestamp: '2024-04-10T14:07:37.267Z'
}
{
  message: "Cannot read properties of undefined (reading 'publicPath')",
  stack: "TypeError: Cannot read properties of undefined (reading 'publicPath')\n" +
    '    at MainController.getStartPage (D:\\Web\\Test task\\hw15\\server\\build\\controllers\\main.controller.js:13:47)\n' +
    '    at Layer.handle [as handle_request] (D:\\Web\\Test task\\hw15\\server\\node_modules\\express\\lib\\router\\layer.js:95:5)\n' +
    '    at next (D:\\Web\\Test task\\hw15\\server\\node_modules\\express\\lib\\router\\route.js:149:13)\n' +
    '    at Route.dispatch (D:\\Web\\Test task\\hw15\\server\\node_modules\\express\\lib\\router\\route.js:119:3)\n' +
    '    at Layer.handle [as handle_request] (D:\\Web\\Test task\\hw15\\server\\node_modules\\express\\lib\\router\\layer.js:95:5)\n' +
    '    at D:\\Web\\Test task\\hw15\\server\\node_modules\\express\\lib\\router\\index.js:284:15\n' +
    '    at Function.process_params (D:\\Web\\Test task\\hw15\\server\\node_modules\\express\\lib\\router\\index.js:346:12)\n' +
    '    at next (D:\\Web\\Test task\\hw15\\server\\node_modules\\express\\lib\\router\\index.js:280:10)\n' +
    '    at SendStream.error (D:\\Web\\Test task\\hw15\\server\\node_modules\\serve-static\\index.js:121:7)\n' +
    '    at SendStream.emit (node:events:518:28)',
  level: 'error',
  timestamp: '2024-04-10T14:07:37.271Z'
}
{
  message: { method: 'GET', url: '/', body: {} },
  level: 'info',
  timestamp: '2024-04-10T14:08:29.606Z'
}
{
  message: "Cannot read properties of undefined (reading 'publicPath')",
  stack: "TypeError: Cannot read properties of undefined (reading 'publicPath')\n" +
    '    at MainController.getStartPage (D:\\Web\\Test task\\hw15\\server\\build\\controllers\\main.controller.js:13:47)\n' +
    '    at Layer.handle [as handle_request] (D:\\Web\\Test task\\hw15\\server\\node_modules\\express\\lib\\router\\layer.js:95:5)\n' +
    '    at next (D:\\Web\\Test task\\hw15\\server\\node_modules\\express\\lib\\router\\route.js:149:13)\n' +
    '    at Route.dispatch (D:\\Web\\Test task\\hw15\\server\\node_modules\\express\\lib\\router\\route.js:119:3)\n' +
    '    at Layer.handle [as handle_request] (D:\\Web\\Test task\\hw15\\server\\node_modules\\express\\lib\\router\\layer.js:95:5)\n' +
    '    at D:\\Web\\Test task\\hw15\\server\\node_modules\\express\\lib\\router\\index.js:284:15\n' +
    '    at Function.process_params (D:\\Web\\Test task\\hw15\\server\\node_modules\\express\\lib\\router\\index.js:346:12)\n' +
    '    at next (D:\\Web\\Test task\\hw15\\server\\node_modules\\express\\lib\\router\\index.js:280:10)\n' +
    '    at SendStream.error (D:\\Web\\Test task\\hw15\\server\\node_modules\\serve-static\\index.js:121:7)\n' +
    '    at SendStream.emit (node:events:518:28)',
  level: 'error',
  timestamp: '2024-04-10T14:08:29.616Z'
}
{
  message: { method: 'GET', url: '/', body: {} },
  level: 'info',
  timestamp: '2024-04-10T14:08:33.019Z'
}
{
  message: "Cannot read properties of undefined (reading 'publicPath')",
  stack: "TypeError: Cannot read properties of undefined (reading 'publicPath')\n" +
    '    at MainController.getStartPage (D:\\Web\\Test task\\hw15\\server\\build\\controllers\\main.controller.js:13:47)\n' +
    '    at Layer.handle [as handle_request] (D:\\Web\\Test task\\hw15\\server\\node_modules\\express\\lib\\router\\layer.js:95:5)\n' +
    '    at next (D:\\Web\\Test task\\hw15\\server\\node_modules\\express\\lib\\router\\route.js:149:13)\n' +
    '    at Route.dispatch (D:\\Web\\Test task\\hw15\\server\\node_modules\\express\\lib\\router\\route.js:119:3)\n' +
    '    at Layer.handle [as handle_request] (D:\\Web\\Test task\\hw15\\server\\node_modules\\express\\lib\\router\\layer.js:95:5)\n' +
    '    at D:\\Web\\Test task\\hw15\\server\\node_modules\\express\\lib\\router\\index.js:284:15\n' +
    '    at Function.process_params (D:\\Web\\Test task\\hw15\\server\\node_modules\\express\\lib\\router\\index.js:346:12)\n' +
    '    at next (D:\\Web\\Test task\\hw15\\server\\node_modules\\express\\lib\\router\\index.js:280:10)\n' +
    '    at SendStream.error (D:\\Web\\Test task\\hw15\\server\\node_modules\\serve-static\\index.js:121:7)\n' +
    '    at SendStream.emit (node:events:518:28)',
  level: 'error',
  timestamp: '2024-04-10T14:08:33.020Z'
}
{
  message: { method: 'GET', url: '/', body: {} },
  level: 'info',
  timestamp: '2024-04-10T14:09:10.471Z'
}
